<?xml version="1.0" encoding="UTF-8"?>
<testng-results skipped="0" failed="0" ignored="0" total="1" passed="1">
  <reporter-output>
  </reporter-output>
  <suite name="Default suite" duration-ms="2071" started-at="2019-05-03T07:33:19Z" finished-at="2019-05-03T07:33:21Z">
    <groups>
    </groups>
    <test name="Default test" duration-ms="2071" started-at="2019-05-03T07:33:19Z" finished-at="2019-05-03T07:33:21Z">
      <class name="APITesting.com.org.api.WeatherGetRequest">
        <test-method status="PASS" signature="Test_001()[pri:0, instance:APITesting.com.org.api.WeatherGetRequest@61832929]" name="Test_001" duration-ms="2019" started-at="2019-05-03T07:33:19Z" finished-at="2019-05-03T07:33:21Z">
          <reporter-output>
          </reporter-output>
        </test-method> <!-- Test_001 -->
      </class> <!-- APITesting.com.org.api.WeatherGetRequest -->
    </test> <!-- Default test -->
  </suite> <!-- Default suite -->
</testng-results>
